[2022-11-22 11:30:16] main.INFO: 0 cron jobs were cleaned [] []
[2022-11-22 11:30:16] main.INFO: Cron Job catalog_product_outdated_price_values_cleanup is run [] []
[2022-11-22 11:30:16] main.INFO: Cron Job catalog_product_outdated_price_values_cleanup is successfully finished. Statistics: {"sum":0.00031805038452148,"count":1,"realmem":0,"emalloc":2992,"realmem_start":80216064,"emalloc_start":77263040} [] []
[2022-11-22 11:30:16] main.INFO: Cron Job catalog_product_frontend_actions_flush is run [] []
[2022-11-22 11:30:16] main.INFO: Cron Job catalog_product_frontend_actions_flush is successfully finished. Statistics: {"sum":0.0019080638885498,"count":1,"realmem":0,"emalloc":1448,"realmem_start":80216064,"emalloc_start":77296464} [] []
[2022-11-22 11:30:16] main.INFO: Cron Job catalog_product_attribute_value_synchronize is run [] []
[2022-11-22 11:30:16] main.INFO: Cron Job catalog_product_attribute_value_synchronize is successfully finished. Statistics: {"sum":0.0012130737304688,"count":1,"realmem":0,"emalloc":24640,"realmem_start":80216064,"emalloc_start":77350728} [] []
[2022-11-22 11:30:16] main.INFO: Cron Job indexer_reindex_all_invalid is run [] []
[2022-11-22 11:30:16] main.INFO: Cron Job sales_grid_order_async_insert is run [] []
[2022-11-22 11:30:16] main.INFO: Cron Job sales_grid_order_async_insert is successfully finished. Statistics: {"sum":0.00024604797363281,"count":1,"realmem":0,"emalloc":1072,"realmem_start":80216064,"emalloc_start":77549960} [] []
[2022-11-22 11:30:16] main.INFO: Cron Job sales_grid_order_invoice_async_insert is run [] []
[2022-11-22 11:30:16] main.INFO: Cron Job sales_grid_order_invoice_async_insert is successfully finished. Statistics: {"sum":0.00030398368835449,"count":1,"realmem":0,"emalloc":1072,"realmem_start":80216064,"emalloc_start":77553712} [] []
[2022-11-22 11:30:16] main.INFO: Cron Job indexer_reindex_all_invalid is successfully finished. Statistics: {"sum":0.013029098510742,"count":1,"realmem":2097152,"emalloc":544112,"realmem_start":78118912,"emalloc_start":75830176} [] []
[2022-11-22 11:30:16] main.INFO: Cron Job sales_grid_order_shipment_async_insert is run [] []
[2022-11-22 11:30:16] main.INFO: Cron Job sales_grid_order_shipment_async_insert is successfully finished. Statistics: {"sum":0.00027298927307129,"count":1,"realmem":0,"emalloc":1072,"realmem_start":80216064,"emalloc_start":77556808} [] []
[2022-11-22 11:30:16] main.INFO: Cron Job indexer_update_all_views is run [] []
[2022-11-22 11:30:16] main.INFO: Cron Job sales_grid_order_creditmemo_async_insert is run [] []
[2022-11-22 11:30:16] main.INFO: Cron Job sales_grid_order_creditmemo_async_insert is successfully finished. Statistics: {"sum":0.00030398368835449,"count":1,"realmem":0,"emalloc":1072,"realmem_start":80216064,"emalloc_start":77559904} [] []
[2022-11-22 11:30:17] main.INFO: Cron Job indexer_update_all_views is successfully finished. Statistics: {"sum":0.017189025878906,"count":1,"realmem":0,"emalloc":244280,"realmem_start":80216064,"emalloc_start":76376872} [] []
[2022-11-22 11:30:17] main.INFO: Cron Job yotpo_yotpo_orders_sync is run [] []
[2022-11-22 11:30:17] main.INFO: Cron Job sales_send_order_emails is run [] []
[2022-11-22 11:30:17] main.INFO: Cron Job sales_send_order_emails is successfully finished. Statistics: {"sum":0.00017309188842773,"count":1,"realmem":0,"emalloc":66632,"realmem_start":82313216,"emalloc_start":81175616} [] []
[2022-11-22 11:30:17] main.INFO: Cron Job ddg_automation_campaign is run [] []
[2022-11-22 11:30:17] main.INFO: Cron Job sales_send_order_invoice_emails is run [] []
[2022-11-22 11:30:17] main.INFO: Cron Job sales_send_order_invoice_emails is successfully finished. Statistics: {"sum":0.00032782554626465,"count":1,"realmem":0,"emalloc":1096,"realmem_start":84410368,"emalloc_start":81819984} [] []
[2022-11-22 11:30:17] main.INFO: Cron Job ddg_automation_sms_order_messages is run [] []
[2022-11-22 11:30:17] main.INFO: Cron Job sales_send_order_shipment_emails is run [] []
[2022-11-22 11:30:17] main.INFO: Cron Job sales_send_order_shipment_emails is successfully finished. Statistics: {"sum":0.00024890899658203,"count":1,"realmem":0,"emalloc":1096,"realmem_start":84410368,"emalloc_start":82487856} [] []
[2022-11-22 11:30:17] main.INFO: Cron Job ddg_automation_sms_order_messages is successfully finished. Statistics: {"sum":0.022605895996094,"count":1,"realmem":2097152,"emalloc":2085832,"realmem_start":78118912,"emalloc_start":75846656} [] []
[2022-11-22 11:30:17] main.INFO: Cron Job yotpo_yotpo_orders_sync is successfully finished. Statistics: {"sum":0.058155059814453,"count":1,"realmem":0,"emalloc":374784,"realmem_start":78118912,"emalloc_start":75735400} [] []
[2022-11-22 11:30:17] main.INFO: Cron Job ddg_automation_campaign is successfully finished. Statistics: {"sum":0.026089906692505,"count":1,"realmem":2097152,"emalloc":1452032,"realmem_start":86507520,"emalloc_start":84558720} [] []
[2022-11-22 11:30:17] main.INFO: Cron Job sales_send_order_creditmemo_emails is run [] []
[2022-11-22 11:30:17] main.INFO: Cron Job sales_send_order_creditmemo_emails is successfully finished. Statistics: {"sum":0.00022387504577637,"count":1,"realmem":0,"emalloc":1096,"realmem_start":84410368,"emalloc_start":83139536} [] []
[2022-11-22 11:30:17] main.INFO: Cron Job ddg_automation_catalog_sync is run [] []
[2022-11-22 11:30:17] main.INFO: Cron Job outdated_authentication_failures_cleanup is run [] []
[2022-11-22 11:30:17] main.INFO: Cron Job outdated_authentication_failures_cleanup is successfully finished. Statistics: {"sum":0.0016579627990723,"count":1,"realmem":0,"emalloc":1448,"realmem_start":84410368,"emalloc_start":83162440} [] []
[2022-11-22 11:30:17] main.INFO: Cron Job ddg_automation_catalog_sync is successfully finished. Statistics: {"sum":0.0071539878845215,"count":1,"realmem":0,"emalloc":648984,"realmem_start":88604672,"emalloc_start":86011064} [] []
[2022-11-22 11:30:17] main.INFO: Cron Job inventory_in_store_pickup_sales_send_order_notified_emails is run [] []
[2022-11-22 11:30:17] main.INFO: Cron Job inventory_in_store_pickup_sales_send_order_notified_emails is successfully finished. Statistics: {"sum":0.00012612342834473,"count":1,"realmem":0,"emalloc":1096,"realmem_start":84410368,"emalloc_start":83267760} [] []
[2022-11-22 11:30:17] main.INFO: Cron Job ddg_automation_customer_subscriber_guest_sync is run [] []
[2022-11-22 11:30:17] main.INFO: Cron Job ddg_automation_customer_subscriber_guest_sync is successfully finished. Statistics: {"sum":0.011873006820679,"count":1,"realmem":0,"emalloc":842176,"realmem_start":88604672,"emalloc_start":86659600} [] []
[2022-11-22 11:30:17] main.INFO: Cron Job ddg_automation_importer is run [] []
[2022-11-22 11:30:17] main.INFO: Cron Job ddg_automation_importer is successfully finished. Statistics: {"sum":0.004101037979126,"count":1,"realmem":0,"emalloc":123656,"realmem_start":88604672,"emalloc_start":87501392} [] []
[2022-11-22 11:30:17] main.INFO: Cron Job magento_newrelicreporting_cron is run [] []
[2022-11-22 11:30:17] main.INFO: Cron Job magento_newrelicreporting_cron is successfully finished. Statistics: {"sum":0.00046014785766602,"count":1,"realmem":0,"emalloc":1096,"realmem_start":86507520,"emalloc_start":84794360} [] []
[2022-11-22 11:30:17] main.INFO: Cron Job ddg_automation_monitor is run [] []
[2022-11-22 11:30:17] main.INFO: Cron Job ddg_automation_abandonedcarts is run [] []
[2022-11-22 11:30:17] main.INFO: Cron Job newsletter_send_all is run [] []
[2022-11-22 11:30:17] main.INFO: Cron Job ddg_automation_abandonedcarts is successfully finished. Statistics: {"sum":0.01624584197998,"count":1,"realmem":0,"emalloc":1635408,"realmem_start":86507520,"emalloc_start":83934760} [] []
[2022-11-22 11:30:17] main.INFO: Cron Job ddg_automation_monitor is successfully finished. Statistics: {"sum":0.020326852798462,"count":1,"realmem":2097152,"emalloc":1052824,"realmem_start":88604672,"emalloc_start":87624664} [] []
[2022-11-22 11:30:17] main.INFO: Cron Job newsletter_send_all is successfully finished. Statistics: {"sum":0.01883602142334,"count":1,"realmem":0,"emalloc":874328,"realmem_start":86507520,"emalloc_start":84812080} [] []
[2022-11-22 11:30:17] main.INFO: Cron Job ddg_automation_order_sync is run [] []
[2022-11-22 11:30:17] main.INFO: Cron Job captcha_delete_old_attempts is run [] []
[2022-11-22 11:30:17] main.INFO: Cron Job captcha_delete_old_attempts is successfully finished. Statistics: {"sum":0.0010759830474854,"count":1,"realmem":0,"emalloc":26056,"realmem_start":86507520,"emalloc_start":85693152} [] []
[2022-11-22 11:30:17] main.INFO: Cron Job captcha_delete_expired_images is run [] []
[2022-11-22 11:30:17] main.INFO: Cron Job captcha_delete_expired_images is successfully finished. Statistics: {"sum":0.0040459632873535,"count":1,"realmem":2097152,"emalloc":703624,"realmem_start":86507520,"emalloc_start":85758816} [] []
[2022-11-22 11:30:17] main.INFO: Cron Job bulk_cleanup is run [] []
[2022-11-22 11:30:17] main.INFO: Cron Job bulk_cleanup is successfully finished. Statistics: {"sum":0.00033187866210938,"count":1,"realmem":0,"emalloc":5744,"realmem_start":88604672,"emalloc_start":86470312} [] []
[2022-11-22 11:30:17] main.INFO: Cron Job ddg_automation_order_sync is successfully finished. Statistics: {"sum":0.027580976486206,"count":1,"realmem":2097152,"emalloc":2371488,"realmem_start":90701824,"emalloc_start":88677104} [] []
[2022-11-22 11:30:17] main.INFO: Cron Job get_amazon_capture_updates is run [] []
[2022-11-22 11:30:17] main.INFO: Cron Job ddg_automation_reviews_and_wishlist is run [] []
[2022-11-22 11:30:17] main.INFO: Cron Job get_amazon_capture_updates is successfully finished. Statistics: {"sum":0.0047399997711182,"count":1,"realmem":0,"emalloc":340048,"realmem_start":88604672,"emalloc_start":87283008} [] []
[2022-11-22 11:30:17] main.INFO: Cron Job ddg_automation_reviews_and_wishlist is successfully finished. Statistics: {"sum":0.0079360008239746,"count":1,"realmem":0,"emalloc":311744,"realmem_start":92798976,"emalloc_start":91048112} [] []
[2022-11-22 11:30:17] main.INFO: Cron Job get_amazon_authorization_updates is run [] []
[2022-11-22 11:30:17] main.INFO: Cron Job get_amazon_authorization_updates is successfully finished. Statistics: {"sum":0.0057430267333984,"count":1,"realmem":0,"emalloc":280368,"realmem_start":92798976,"emalloc_start":90997880} [] []
[2022-11-22 11:30:17] main.INFO: Cron Job amazon_payments_process_queued_refunds is run [] []
[2022-11-22 11:30:17] main.INFO: Cron Job amazon_payments_process_queued_refunds is successfully finished. Statistics: {"sum":0.0055840015411377,"count":1,"realmem":0,"emalloc":444472,"realmem_start":92798976,"emalloc_start":91350704} [] []
